ERC report (2026-07-12T15:06:18, Encoding UTF8)
Report includes: Errors, Warnings

***** Sheet /
[pin_not_connected]: Pin not connected
    ; error
    @(60.96 mm, 30.48 mm): Symbol D2 Pin 2 [A, Passive, Line]
[pin_not_connected]: Pin not connected
    ; error
    @(60.96 mm, 40.64 mm): Symbol D2 Pin 1 [K, Passive, Line]
[pin_not_connected]: Pin not connected
    ; error
    @(78.74 mm, 30.48 mm): Symbol C1 Pin 2 [2, Passive, Line]
[pin_not_connected]: Pin not connected
    ; error
    @(78.74 mm, 40.64 mm): Symbol C1 Pin 1 [1, Passive, Line]
[footprint_link_issues]: Footprint 'TerminalBlock_1x02_P5.00mm' not found in library 'TerminalBlock'
    ; warning
    @(33.02 mm, 35.56 mm): Symbol J1 [CONN2]
[footprint_link_issues]: Footprint 'TerminalBlock_1x02_P5.00mm' not found in library 'TerminalBlock'
    ; warning
    @(33.02 mm, 78.74 mm): Symbol J2 [CONN2]
[footprint_link_issues]: Footprint 'Fuseholder5x20_horiz_open' not found in library 'Fuse'
    ; warning
    @(45.72 mm, 33.02 mm): Symbol F1 [R_H]
[unconnected_wire_endpoint]: Unconnected wire endpoint
    ; warning
    @(60.96 mm, 30.48 mm): Vertical Wire, length 2.54 mm
[unconnected_wire_endpoint]: Unconnected wire endpoint
    ; warning
    @(60.96 mm, 38.10 mm): Vertical Wire, length 2.54 mm
[label_multiple_wires]: Label connects more than one wire at 609600, 889000
    ; warning
    @(60.96 mm, 88.90 mm): Label 'PWM_GATE'
    @(149.86 mm, 88.90 mm): Horizontal Wire, length 91.44 mm
[unconnected_wire_endpoint]: Unconnected wire endpoint
    ; warning
    @(68.58 mm, 196.85 mm): Horizontal Wire, length 7.62 mm
[unconnected_wire_endpoint]: Unconnected wire endpoint
    ; warning
    @(76.20 mm, 81.28 mm): Vertical Wire, length 7.62 mm
[unconnected_wire_endpoint]: Unconnected wire endpoint
    ; warning
    @(76.20 mm, 111.76 mm): Vertical Wire, length 10.16 mm
[unconnected_wire_endpoint]: Unconnected wire endpoint
    ; warning
    @(78.74 mm, 30.48 mm): Vertical Wire, length 2.54 mm
[unconnected_wire_endpoint]: Unconnected wire endpoint
    ; warning
    @(78.74 mm, 38.10 mm): Vertical Wire, length 2.54 mm
[unconnected_wire_endpoint]: Unconnected wire endpoint
    ; warning
    @(81.28 mm, 186.69 mm): Horizontal Wire, length 7.62 mm
[unconnected_wire_endpoint]: Unconnected wire endpoint
    ; warning
    @(81.28 mm, 217.17 mm): Horizontal Wire, length 7.62 mm
[unconnected_wire_endpoint]: Unconnected wire endpoint
    ; warning
    @(91.44 mm, 83.82 mm): Vertical Wire, length 5.08 mm
[unconnected_wire_endpoint]: Unconnected wire endpoint
    ; warning
    @(91.44 mm, 83.82 mm): Vertical Wire, length 38.10 mm
[unconnected_wire_endpoint]: Unconnected wire endpoint
    ; warning
    @(93.98 mm, 199.39 mm): Horizontal Wire, length 7.62 mm
[unconnected_wire_endpoint]: Unconnected wire endpoint
    ; warning
    @(93.98 mm, 204.47 mm): Horizontal Wire, length 7.62 mm
[unconnected_wire_endpoint]: Unconnected wire endpoint
    ; warning
    @(109.22 mm, 66.04 mm): Vertical Wire, length 33.02 mm
[unconnected_wire_endpoint]: Unconnected wire endpoint
    ; warning
    @(109.22 mm, 96.52 mm): Vertical Wire, length 25.40 mm
[unconnected_wire_endpoint]: Unconnected wire endpoint
    ; warning
    @(109.22 mm, 66.04 mm): Horizontal Wire, length 7.62 mm
[unconnected_wire_endpoint]: Unconnected wire endpoint
    ; warning
    @(109.22 mm, 96.52 mm): Horizontal Wire, length 7.62 mm
[unconnected_wire_endpoint]: Unconnected wire endpoint
    ; warning
    @(127.00 mm, 78.74 mm): Horizontal Wire, length 12.70 mm
[unconnected_wire_endpoint]: Unconnected wire endpoint
    ; warning
    @(121.92 mm, 76.20 mm): Horizontal Wire, length 7.62 mm
[unconnected_wire_endpoint]: Unconnected wire endpoint
    ; warning
    @(121.92 mm, 86.36 mm): Horizontal Wire, length 7.62 mm
[unconnected_wire_endpoint]: Unconnected wire endpoint
    ; warning
    @(25.40 mm, 38.10 mm): Horizontal Wire, length 134.62 mm
[unconnected_wire_endpoint]: Unconnected wire endpoint
    ; warning
    @(160.02 mm, 149.86 mm): Vertical Wire, length 5.08 mm
[isolated_pin_label]: Label connected to only one pin
    ; warning
    @(160.02 mm, 182.88 mm): Label 'TEMP_ADC'
[unconnected_wire_endpoint]: Unconnected wire endpoint
    ; warning
    @(157.48 mm, 175.26 mm): Horizontal Wire, length 7.62 mm
[unconnected_wire_endpoint]: Unconnected wire endpoint
    ; warning
    @(157.48 mm, 177.80 mm): Horizontal Wire, length 7.62 mm
[unconnected_wire_endpoint]: Unconnected wire endpoint
    ; warning
    @(157.48 mm, 180.34 mm): Horizontal Wire, length 7.62 mm
[unconnected_wire_endpoint]: Unconnected wire endpoint
    ; warning
    @(157.48 mm, 182.88 mm): Horizontal Wire, length 7.62 mm
[unconnected_wire_endpoint]: Unconnected wire endpoint
    ; warning
    @(157.48 mm, 185.42 mm): Horizontal Wire, length 7.62 mm
[unconnected_wire_endpoint]: Unconnected wire endpoint
    ; warning
    @(157.48 mm, 187.96 mm): Horizontal Wire, length 7.62 mm
[unconnected_wire_endpoint]: Unconnected wire endpoint
    ; warning
    @(157.48 mm, 190.50 mm): Horizontal Wire, length 7.62 mm
[unconnected_wire_endpoint]: Unconnected wire endpoint
    ; warning
    @(157.48 mm, 193.04 mm): Horizontal Wire, length 7.62 mm
[unconnected_wire_endpoint]: Unconnected wire endpoint
    ; warning
    @(157.48 mm, 195.58 mm): Horizontal Wire, length 7.62 mm
[unconnected_wire_endpoint]: Unconnected wire endpoint
    ; warning
    @(160.02 mm, 149.86 mm): Horizontal Wire, length 7.62 mm
[unconnected_wire_endpoint]: Unconnected wire endpoint
    ; warning
    @(223.52 mm, 154.94 mm): Horizontal Wire, length 5.08 mm
[footprint_link_issues]: Footprint 'TerminalBlock_1x03_P3.50mm' not found in library 'TerminalBlock'
    ; warning
    @(248.92 mm, 193.04 mm): Symbol J4 [CONN3]

 ** ERC messages: 43  Errors 4  Warnings 39

 ** Ignored checks:
    - Global label only appears once in the schematic
    - Four connection points are joined together
    - SPICE model issue
    - Assigned footprint doesn't match footprint filters
